====================================================================================================
UNIFIED PIPELINE RUNNER
====================================================================================================
  Mode: Run v19_3, v29, v30, v31, v32, v33, v35a, v35c, v37b, v37c, v37d, v38b, v38c, v38d, v38bc, v38bd, v38cd, v38bcd, v38c2, v38d2, v38b3, v38e

  Symbols: 61 (shared across all models)
  Min rows: 2000
  Target: trend_regime (cache fingerprint enabled)

  WILL RUN backtest for: v19_3, v29, v30, v31, v32, v33, v35a, v35c, v37b, v37c, v37d, v38b, v38c, v38d, v38bc, v38bd, v38cd, v38bcd, v38c2, v38d2, v38b3, v38e

────────────────────────────────────────────────────────────────────────────────────────────────────
  ML TRAINING: feature_set='leading' target='trend_regime' model='pipeline-default' +exit_model(fw=15) (shared by: v19_3)
────────────────────────────────────────────────────────────────────────────────────────────────────
    Training device: GPU
    Feature cache: HIT (leading) key=2453667d
  Training done in 41.8s — 365 (symbol x fold) prediction blocks cached

────────────────────────────────────────────────────────────────────────────────────────────────────
  ML TRAINING: feature_set='leading_v3' target='early_wave' model='pipeline-default' +exit_model(fw=15) (shared by: v29, v30, v31, v32, v33)
────────────────────────────────────────────────────────────────────────────────────────────────────
    Training device: GPU
    Feature cache: HIT (leading_v3) key=d5e8b787
  Training done in 35.6s — 363 (symbol x fold) prediction blocks cached

────────────────────────────────────────────────────────────────────────────────────────────────────
  ML TRAINING: feature_set='leading_v4' target='early_wave_v2' model='pipeline-default' +exit_model(fw=15) (shared by: v35a)
────────────────────────────────────────────────────────────────────────────────────────────────────
    Training device: GPU
    Feature cache: HIT (leading_v4) key=6d7e48a3
  Training done in 36.5s — 363 (symbol x fold) prediction blocks cached

────────────────────────────────────────────────────────────────────────────────────────────────────
  ML TRAINING: feature_set='leading_v4' target='early_wave' model='pipeline-default' +exit_model(fw=15) (shared by: v35c, v37c, v38b, v38c, v38d, v38bc, v38bd, v38cd, v38bcd, v38c2, v38d2, v38b3, v38e)
────────────────────────────────────────────────────────────────────────────────────────────────────
    Training device: GPU
    Feature cache: HIT (leading_v4) key=2c43a108
  Training done in 35.7s — 363 (symbol x fold) prediction blocks cached

────────────────────────────────────────────────────────────────────────────────────────────────────
  ML TRAINING: feature_set='leading_v4' target='early_wave_dual' model='pipeline-default' +exit_model(fw=15) (shared by: v37b)
────────────────────────────────────────────────────────────────────────────────────────────────────
    Training device: GPU
    Feature cache: HIT (leading_v4) key=25bde25b
  Training done in 37.0s — 363 (symbol x fold) prediction blocks cached

────────────────────────────────────────────────────────────────────────────────────────────────────
  ML TRAINING: feature_set='leading_v4' target='early_wave' model='gru' +exit_model(fw=15) (shared by: v37d)
────────────────────────────────────────────────────────────────────────────────────────────────────
    Training device: GPU
    Feature cache: HIT (leading_v4) key=2c43a108
  Training done in 73.8s — 363 (symbol x fold) prediction blocks cached

  Backtest v19_3 (V19.3)...
  Saved 1910 trades to C:\Users\DUC CANH PC\Desktop\train_ai_ml\stock_ml\results\trades_v19_3.csv (4.3s)
    Trades=1910, WR=43.9%, TotalPnL=+6775.0%

  Backtest v29 (V29)...
  Saved 1799 trades to C:\Users\DUC CANH PC\Desktop\train_ai_ml\stock_ml\results\trades_v29.csv (5.1s)
    Trades=1799, WR=47.1%, TotalPnL=+7078.6%

  Backtest v30 (V30)...
  Saved 1471 trades to C:\Users\DUC CANH PC\Desktop\train_ai_ml\stock_ml\results\trades_v30.csv (4.9s)
    Trades=1471, WR=46.7%, TotalPnL=+7526.9%

  Backtest v31 (V31)...
  Saved 1364 trades to C:\Users\DUC CANH PC\Desktop\train_ai_ml\stock_ml\results\trades_v31.csv (4.9s)
    Trades=1364, WR=49.2%, TotalPnL=+7558.5%

  Backtest v32 (V32)...
  Saved 1350 trades to C:\Users\DUC CANH PC\Desktop\train_ai_ml\stock_ml\results\trades_v32.csv (4.9s)
    Trades=1350, WR=49.6%, TotalPnL=+7511.0%

  Backtest v33 (V33)...
  Saved 1350 trades to C:\Users\DUC CANH PC\Desktop\train_ai_ml\stock_ml\results\trades_v33.csv (4.9s)
    Trades=1350, WR=49.6%, TotalPnL=+7511.0%

  Backtest v35a (V35a)...
  Saved 1378 trades to C:\Users\DUC CANH PC\Desktop\train_ai_ml\stock_ml\results\trades_v35a.csv (5.1s)
    Trades=1378, WR=48.8%, TotalPnL=+7046.9%

  Backtest v35c (V35c)...
  Saved 1370 trades to C:\Users\DUC CANH PC\Desktop\train_ai_ml\stock_ml\results\trades_v35c.csv (5.0s)
    Trades=1370, WR=50.8%, TotalPnL=+8037.2%

  Backtest v37c (V37c)...
  Saved 1363 trades to C:\Users\DUC CANH PC\Desktop\train_ai_ml\stock_ml\results\trades_v37c.csv (5.0s)
    Trades=1363, WR=49.7%, TotalPnL=+7285.0%

  Backtest v38b (V38b)...
  Saved 1583 trades to C:\Users\DUC CANH PC\Desktop\train_ai_ml\stock_ml\results\trades_v38b.csv (5.0s)
    Trades=1583, WR=38.9%, TotalPnL=+7540.4%

  Backtest v38c (V38c)...
  Saved 1386 trades to C:\Users\DUC CANH PC\Desktop\train_ai_ml\stock_ml\results\trades_v38c.csv (5.1s)
    Trades=1386, WR=48.2%, TotalPnL=+7631.9%

  Backtest v38d (V38d)...
  Saved 1776 trades to C:\Users\DUC CANH PC\Desktop\train_ai_ml\stock_ml\results\trades_v38d.csv (5.0s)
    Trades=1776, WR=58.0%, TotalPnL=+7161.4%

  Backtest v38bc (V38bc)...
  Saved 1520 trades to C:\Users\DUC CANH PC\Desktop\train_ai_ml\stock_ml\results\trades_v38bc.csv (4.9s)
    Trades=1520, WR=42.5%, TotalPnL=+7573.2%

  Backtest v38bd (V38bd)...
  Saved 2050 trades to C:\Users\DUC CANH PC\Desktop\train_ai_ml\stock_ml\results\trades_v38bd.csv (5.0s)
    Trades=2050, WR=49.1%, TotalPnL=+6771.5%

  Backtest v38cd (V38cd)...
  Saved 1833 trades to C:\Users\DUC CANH PC\Desktop\train_ai_ml\stock_ml\results\trades_v38cd.csv (5.0s)
    Trades=1833, WR=61.9%, TotalPnL=+6769.2%

  Backtest v38bcd (V38bcd)...
  Saved 2032 trades to C:\Users\DUC CANH PC\Desktop\train_ai_ml\stock_ml\results\trades_v38bcd.csv (5.0s)
    Trades=2032, WR=54.6%, TotalPnL=+6516.2%

  Backtest v38c2 (V38c2)...
  Saved 1359 trades to C:\Users\DUC CANH PC\Desktop\train_ai_ml\stock_ml\results\trades_v38c2.csv (5.0s)
    Trades=1359, WR=49.7%, TotalPnL=+7681.6%

  Backtest v38d2 (V38d2)...
  Saved 1641 trades to C:\Users\DUC CANH PC\Desktop\train_ai_ml\stock_ml\results\trades_v38d2.csv (5.0s)
    Trades=1641, WR=57.8%, TotalPnL=+7240.4%

  Backtest v38b3 (V38b3)...
  Saved 1421 trades to C:\Users\DUC CANH PC\Desktop\train_ai_ml\stock_ml\results\trades_v38b3.csv (5.0s)
    Trades=1421, WR=45.2%, TotalPnL=+7767.7%

  Backtest v38e (V38e)...
  Saved 1766 trades to C:\Users\DUC CANH PC\Desktop\train_ai_ml\stock_ml\results\trades_v38e.csv (5.0s)
    Trades=1766, WR=52.5%, TotalPnL=+7147.6%

  Backtest v37b (V37b)...
  Saved 1315 trades to C:\Users\DUC CANH PC\Desktop\train_ai_ml\stock_ml\results\trades_v37b.csv (5.1s)
    Trades=1315, WR=51.2%, TotalPnL=+7974.5%

  Backtest v37d (V37d)...
  Saved 1407 trades to C:\Users\DUC CANH PC\Desktop\train_ai_ml\stock_ml\results\trades_v37d.csv (5.0s)
    Trades=1407, WR=48.6%, TotalPnL=+7066.8%

====================================================================================================
EXPORT PHASE
====================================================================================================
================================================================================
UNIFIED EXPORT — Trades CSV → JSON for Dashboard
================================================================================
  Models to export: v19_3, v29, v30, v31, v32, v33, v35a, v35c, v37b, v37c, v37d, v38b, v38c, v38d, v38bc, v38bd, v38cd, v38bcd, v38c2, v38d2, v38b3, v38e

  ✓ v19_3: 61 symbols, 61 with trades, PnL=+6775.1%
  ✓ v29: 61 symbols, 61 with trades, PnL=+7078.5%
  ✓ v30: 61 symbols, 61 with trades, PnL=+7526.4%
  ✓ v31: 61 symbols, 61 with trades, PnL=+7558.4%
  ✓ v32: 61 symbols, 61 with trades, PnL=+7510.9%
  ✓ v33: 61 symbols, 61 with trades, PnL=+7510.9%
  ✓ v35a: 61 symbols, 61 with trades, PnL=+7046.8%
  ✓ v35c: 61 symbols, 61 with trades, PnL=+8037.6%
  ✓ v37b: 61 symbols, 61 with trades, PnL=+7974.6%
  ✓ v37c: 61 symbols, 61 with trades, PnL=+7284.9%
  ✓ v37d: 61 symbols, 61 with trades, PnL=+7067.1%
  ✓ v38b: 61 symbols, 61 with trades, PnL=+7540.1%
  ✓ v38c: 61 symbols, 61 with trades, PnL=+7631.6%
  ✓ v38d: 61 symbols, 61 with trades, PnL=+7161.0%
  ✓ v38bc: 61 symbols, 61 with trades, PnL=+7572.6%
  ✓ v38bd: 61 symbols, 61 with trades, PnL=+6771.8%
  ✓ v38cd: 61 symbols, 61 with trades, PnL=+6768.7%
  ✓ v38bcd: 61 symbols, 61 with trades, PnL=+6516.5%
  ✓ v38c2: 61 symbols, 61 with trades, PnL=+7681.4%
  ✓ v38d2: 61 symbols, 61 with trades, PnL=+7240.7%
  ✓ v38b3: 61 symbols, 61 with trades, PnL=+7767.5%
  ✓ v38e: 61 symbols, 61 with trades, PnL=+7147.2%
  Preserved 23 existing model(s): v37a_exit, v42_a, v42_base, v38b2, v39g, v39f, v39d, v39e, v39b, v39a2, v39a, v37a, v36c, v36b, v36a, v35b, v34, v28, v27, v26, v24, v22, rule

✓ Manifest saved to C:\Users\DUC CANH PC\Desktop\train_ai_ml\stock_ml\src\export\..\..\visualization\manifest.json
  Models: v38e, v37a_exit, v38b3, v42_a, v38d2, v42_base, v38c2, v38b2, v38bcd, v38cd, v38bd, v38bc, v38d, v38c, v39g, v38b, v39f, v39d, v39e, v39b, v39a2, v39a, v37d, v37b, v37c, v37a, v36c, v36b, v36a, v35c, v35b, v35a, v34, v33, v32, v31, v30, v29, v28, v27, v26, v24, v22, v19_3, rule

================================================================================
DONE
================================================================================

====================================================================================================
COMPARISON
====================================================================================================
==================================================================================================================================
MODEL COMPARISON — Selected: v19_3, v29, v30, v31, v32, v33, v35a, v35c, v37b, v37c, v37d, v38b, v38c, v38d, v38bc, v38bd, v38cd, v38bcd, v38c2, v38d2, v38b3, v38e
==================================================================================================================================

  Model                |    #   AvgPnL     TotPnL     PF  Sharpe  MDD/sym     CV   Score
  ---------------------------------------------------------------------------------------------------------
  V38e                 | 1766   +4.05%   +7147.6%  2.50   0.236    31.7%  0.81  325.1
  V38b3                | 1421   +5.47%   +7767.7%  2.75   0.258    32.5%  0.87  381.4
  V38d2                | 1641   +4.41%   +7240.4%  2.52   0.245    34.5%  0.83  333.9
  V38c2                | 1359   +5.65%   +7681.6%  2.66   0.256    36.8%  0.94  369.2
  V38bcd               | 2032   +3.21%   +6516.2%  2.26   0.204    35.1%  0.93  266.6
  V38cd                | 1833   +3.69%   +6769.2%  2.34   0.221    36.4%  0.89  290.4
  V38bd                | 2050   +3.30%   +6771.5%  2.40   0.210    32.0%  0.83  290.8
  V38bc                | 1520   +4.98%   +7573.2%  2.60   0.238    36.1%  0.94  353.9
  V38d                 | 1776   +4.03%   +7161.4%  2.53   0.234    33.4%  0.82  327.5
  V38c                 | 1386   +5.51%   +7631.9%  2.64   0.252    36.9%  0.95  364.1
  V38b                 | 1583   +4.76%   +7540.4%  2.67   0.236    33.7%  0.88  357.2
  V37d                 | 1407   +5.02%   +7066.8%  2.41   0.241    38.7%  0.97  315.6
  V37b                 | 1315   +6.06%   +7974.5%  2.82   0.272    34.5%  0.87  401.5 ◀ BEST
  V37c                 | 1363   +5.34%   +7285.0%  2.57   0.264    36.1%  0.93  346.9
  V35c                 | 1370   +5.87%   +8037.2%  2.75   0.267    36.2%  0.93  396.1
  V35a                 | 1378   +5.11%   +7046.9%  2.45   0.258    37.4%  0.97  324.0
  V33                  | 1350   +5.56%   +7511.0%  2.59   0.249    37.3%  0.95  353.5
  V32                  | 1350   +5.56%   +7511.0%  2.59   0.249    37.3%  0.95  353.5
  V31                  | 1364   +5.54%   +7558.5%  2.60   0.252    35.7%  0.92  357.4
  V30                  | 1471   +5.12%   +7526.9%  2.66   0.244    33.8%  0.86  357.9
  V29                  | 1799   +3.93%   +7078.6%  2.51   0.243    30.6%  0.77  325.7
  V19.3                | 1910   +3.55%   +6775.0%  2.42   0.232    29.0%  0.82  307.4

  Sharpe = avg_pnl/std(pnl)  |  MDD/sym = avg per-symbol drawdown  |  CV = std/mean of yearly PnL

  RECOMMENDATION (by composite score):
    Best:  v37b (V37b) — Score=401.5, Sharpe=0.272, MDD/sym=34.5%
==================================================================================================================================

====================================================================================================
DONE — Total time: 375.4s
  Open visualization/dashboard.html to view results
====================================================================================================
